2023-06-08 10:53:19.156  INFO 12008 --- [main] c.e.serviceimpltest.EmployeeServiceTest  : Starting EmployeeServiceTest using Java 17.0.7 on Unique with PID 12008 (started by Asus in C:\Users\Asus\Documents\workspace-spring-tool-suite-4-4.18.1.RELEASE\Employee-management-system)
2023-06-08 10:53:19.175  INFO 12008 --- [main] c.e.serviceimpltest.EmployeeServiceTest  : No active profile set, falling back to 1 default profile: "default"
2023-06-08 10:53:21.610  INFO 12008 --- [main] .s.d.r.c.RepositoryConfigurationDelegate : Bootstrapping Spring Data JPA repositories in DEFAULT mode.
2023-06-08 10:53:21.772  INFO 12008 --- [main] .s.d.r.c.RepositoryConfigurationDelegate : Finished Spring Data repository scanning in 142 ms. Found 4 JPA repository interfaces.
2023-06-08 10:53:24.711  INFO 12008 --- [main] o.hibernate.jpa.internal.util.LogHelper  : HHH000204: Processing PersistenceUnitInfo [name: default]
2023-06-08 10:53:24.887  INFO 12008 --- [main] org.hibernate.Version                    : HHH000412: Hibernate ORM core version 5.6.15.Final
2023-06-08 10:53:24.982  INFO 12008 --- [main] o.hibernate.annotations.common.Version   : HCANN000001: Hibernate Commons Annotations {5.1.2.Final}
2023-06-08 10:53:25.365  INFO 12008 --- [main] com.zaxxer.hikari.HikariDataSource       : HikariPool-1 - Starting...
2023-06-08 10:53:26.124  INFO 12008 --- [main] com.zaxxer.hikari.HikariDataSource       : HikariPool-1 - Start completed.
2023-06-08 10:53:26.160  INFO 12008 --- [main] org.hibernate.dialect.Dialect            : HHH000400: Using dialect: org.hibernate.dialect.MySQL8Dialect
2023-06-08 10:53:28.605  INFO 12008 --- [main] o.h.e.t.j.p.i.JtaPlatformInitiator       : HHH000490: Using JtaPlatform implementation: [org.hibernate.engine.transaction.jta.platform.internal.NoJtaPlatform]
2023-06-08 10:53:28.632  INFO 12008 --- [main] j.LocalContainerEntityManagerFactoryBean : Initialized JPA EntityManagerFactory for persistence unit 'default'
2023-06-08 10:53:32.224  WARN 12008 --- [main] JpaBaseConfiguration$JpaWebConfiguration : spring.jpa.open-in-view is enabled by default. Therefore, database queries may be performed during view rendering. Explicitly configure spring.jpa.open-in-view to disable this warning
2023-06-08 10:53:34.902  INFO 12008 --- [main] c.e.serviceimpltest.EmployeeServiceTest  : Started EmployeeServiceTest in 16.586 seconds (JVM running for 20.201)
2023-06-08 10:53:35.259  INFO 12008 --- [SpringApplicationShutdownHook] j.LocalContainerEntityManagerFactoryBean : Closing JPA EntityManagerFactory for persistence unit 'default'
2023-06-08 10:53:35.263  INFO 12008 --- [SpringApplicationShutdownHook] com.zaxxer.hikari.HikariDataSource       : HikariPool-1 - Shutdown initiated...
2023-06-08 10:53:35.321  INFO 12008 --- [SpringApplicationShutdownHook] com.zaxxer.hikari.HikariDataSource       : HikariPool-1 - Shutdown completed.
2023-06-08 10:55:09.081  INFO 3388 --- [main] c.e.serviceimpltest.EmployeeServiceTest  : Starting EmployeeServiceTest using Java 17.0.7 on Unique with PID 3388 (started by Asus in C:\Users\Asus\Documents\workspace-spring-tool-suite-4-4.18.1.RELEASE\Employee-management-system)
2023-06-08 10:55:09.089  INFO 3388 --- [main] c.e.serviceimpltest.EmployeeServiceTest  : No active profile set, falling back to 1 default profile: "default"
2023-06-08 10:55:10.824  INFO 3388 --- [main] .s.d.r.c.RepositoryConfigurationDelegate : Bootstrapping Spring Data JPA repositories in DEFAULT mode.
2023-06-08 10:55:11.052  INFO 3388 --- [main] .s.d.r.c.RepositoryConfigurationDelegate : Finished Spring Data repository scanning in 210 ms. Found 4 JPA repository interfaces.
2023-06-08 10:55:13.556  INFO 3388 --- [main] o.hibernate.jpa.internal.util.LogHelper  : HHH000204: Processing PersistenceUnitInfo [name: default]
2023-06-08 10:55:13.673  INFO 3388 --- [main] org.hibernate.Version                    : HHH000412: Hibernate ORM core version 5.6.15.Final
2023-06-08 10:55:13.767  INFO 3388 --- [main] o.hibernate.annotations.common.Version   : HCANN000001: Hibernate Commons Annotations {5.1.2.Final}
2023-06-08 10:55:14.125  INFO 3388 --- [main] com.zaxxer.hikari.HikariDataSource       : HikariPool-1 - Starting...
2023-06-08 10:55:14.848  INFO 3388 --- [main] com.zaxxer.hikari.HikariDataSource       : HikariPool-1 - Start completed.
2023-06-08 10:55:14.877  INFO 3388 --- [main] org.hibernate.dialect.Dialect            : HHH000400: Using dialect: org.hibernate.dialect.MySQL8Dialect
2023-06-08 10:55:16.360  INFO 3388 --- [main] o.h.e.t.j.p.i.JtaPlatformInitiator       : HHH000490: Using JtaPlatform implementation: [org.hibernate.engine.transaction.jta.platform.internal.NoJtaPlatform]
2023-06-08 10:55:16.373  INFO 3388 --- [main] j.LocalContainerEntityManagerFactoryBean : Initialized JPA EntityManagerFactory for persistence unit 'default'
2023-06-08 10:55:18.069  WARN 3388 --- [main] JpaBaseConfiguration$JpaWebConfiguration : spring.jpa.open-in-view is enabled by default. Therefore, database queries may be performed during view rendering. Explicitly configure spring.jpa.open-in-view to disable this warning
2023-06-08 10:55:19.636  INFO 3388 --- [main] c.e.serviceimpltest.EmployeeServiceTest  : Started EmployeeServiceTest in 11.402 seconds (JVM running for 13.823)
2023-06-08 10:55:19.995  INFO 3388 --- [SpringApplicationShutdownHook] j.LocalContainerEntityManagerFactoryBean : Closing JPA EntityManagerFactory for persistence unit 'default'
2023-06-08 10:55:20.002  INFO 3388 --- [SpringApplicationShutdownHook] com.zaxxer.hikari.HikariDataSource       : HikariPool-1 - Shutdown initiated...
2023-06-08 10:55:20.122  INFO 3388 --- [SpringApplicationShutdownHook] com.zaxxer.hikari.HikariDataSource       : HikariPool-1 - Shutdown completed.
2023-06-08 11:03:22.113  INFO 7812 --- [main] c.e.serviceimpltest.EmployeeServiceTest  : Starting EmployeeServiceTest using Java 17.0.7 on Unique with PID 7812 (started by Asus in C:\Users\Asus\Documents\workspace-spring-tool-suite-4-4.18.1.RELEASE\Employee-management-system)
2023-06-08 11:03:22.120  INFO 7812 --- [main] c.e.serviceimpltest.EmployeeServiceTest  : No active profile set, falling back to 1 default profile: "default"
2023-06-08 11:03:24.175  INFO 7812 --- [main] .s.d.r.c.RepositoryConfigurationDelegate : Bootstrapping Spring Data JPA repositories in DEFAULT mode.
2023-06-08 11:03:24.318  INFO 7812 --- [main] .s.d.r.c.RepositoryConfigurationDelegate : Finished Spring Data repository scanning in 122 ms. Found 4 JPA repository interfaces.
2023-06-08 11:03:26.999  INFO 7812 --- [main] o.hibernate.jpa.internal.util.LogHelper  : HHH000204: Processing PersistenceUnitInfo [name: default]
2023-06-08 11:03:27.129  INFO 7812 --- [main] org.hibernate.Version                    : HHH000412: Hibernate ORM core version 5.6.15.Final
2023-06-08 11:03:27.214  INFO 7812 --- [main] o.hibernate.annotations.common.Version   : HCANN000001: Hibernate Commons Annotations {5.1.2.Final}
2023-06-08 11:03:27.507  INFO 7812 --- [main] com.zaxxer.hikari.HikariDataSource       : HikariPool-1 - Starting...
2023-06-08 11:03:28.235  INFO 7812 --- [main] com.zaxxer.hikari.HikariDataSource       : HikariPool-1 - Start completed.
2023-06-08 11:03:28.269  INFO 7812 --- [main] org.hibernate.dialect.Dialect            : HHH000400: Using dialect: org.hibernate.dialect.MySQL8Dialect
2023-06-08 11:03:29.884  INFO 7812 --- [main] o.h.e.t.j.p.i.JtaPlatformInitiator       : HHH000490: Using JtaPlatform implementation: [org.hibernate.engine.transaction.jta.platform.internal.NoJtaPlatform]
2023-06-08 11:03:29.898  INFO 7812 --- [main] j.LocalContainerEntityManagerFactoryBean : Initialized JPA EntityManagerFactory for persistence unit 'default'
2023-06-08 11:03:31.613  WARN 7812 --- [main] JpaBaseConfiguration$JpaWebConfiguration : spring.jpa.open-in-view is enabled by default. Therefore, database queries may be performed during view rendering. Explicitly configure spring.jpa.open-in-view to disable this warning
2023-06-08 11:03:33.574  INFO 7812 --- [main] c.e.serviceimpltest.EmployeeServiceTest  : Started EmployeeServiceTest in 12.297 seconds (JVM running for 15.48)
2023-06-08 11:03:34.030  INFO 7812 --- [SpringApplicationShutdownHook] j.LocalContainerEntityManagerFactoryBean : Closing JPA EntityManagerFactory for persistence unit 'default'
2023-06-08 11:03:34.040  INFO 7812 --- [SpringApplicationShutdownHook] com.zaxxer.hikari.HikariDataSource       : HikariPool-1 - Shutdown initiated...
2023-06-08 11:03:34.093  INFO 7812 --- [SpringApplicationShutdownHook] com.zaxxer.hikari.HikariDataSource       : HikariPool-1 - Shutdown completed.
2023-06-08 11:05:50.630  INFO 9608 --- [main] c.e.serviceimpltest.EmployeeServiceTest  : Starting EmployeeServiceTest using Java 17.0.7 on Unique with PID 9608 (started by Asus in C:\Users\Asus\Documents\workspace-spring-tool-suite-4-4.18.1.RELEASE\Employee-management-system)
2023-06-08 11:05:50.633  INFO 9608 --- [main] c.e.serviceimpltest.EmployeeServiceTest  : No active profile set, falling back to 1 default profile: "default"
2023-06-08 11:05:52.927  INFO 9608 --- [main] .s.d.r.c.RepositoryConfigurationDelegate : Bootstrapping Spring Data JPA repositories in DEFAULT mode.
2023-06-08 11:05:53.093  INFO 9608 --- [main] .s.d.r.c.RepositoryConfigurationDelegate : Finished Spring Data repository scanning in 144 ms. Found 4 JPA repository interfaces.
2023-06-08 11:05:56.232  INFO 9608 --- [main] o.hibernate.jpa.internal.util.LogHelper  : HHH000204: Processing PersistenceUnitInfo [name: default]
2023-06-08 11:05:56.392  INFO 9608 --- [main] org.hibernate.Version                    : HHH000412: Hibernate ORM core version 5.6.15.Final
2023-06-08 11:05:56.499  INFO 9608 --- [main] o.hibernate.annotations.common.Version   : HCANN000001: Hibernate Commons Annotations {5.1.2.Final}
2023-06-08 11:05:56.893  INFO 9608 --- [main] com.zaxxer.hikari.HikariDataSource       : HikariPool-1 - Starting...
2023-06-08 11:05:57.634  INFO 9608 --- [main] com.zaxxer.hikari.HikariDataSource       : HikariPool-1 - Start completed.
2023-06-08 11:05:57.688  INFO 9608 --- [main] org.hibernate.dialect.Dialect            : HHH000400: Using dialect: org.hibernate.dialect.MySQL8Dialect
2023-06-08 11:05:59.558  INFO 9608 --- [main] o.h.e.t.j.p.i.JtaPlatformInitiator       : HHH000490: Using JtaPlatform implementation: [org.hibernate.engine.transaction.jta.platform.internal.NoJtaPlatform]
2023-06-08 11:05:59.572  INFO 9608 --- [main] j.LocalContainerEntityManagerFactoryBean : Initialized JPA EntityManagerFactory for persistence unit 'default'
2023-06-08 11:06:01.967  WARN 9608 --- [main] JpaBaseConfiguration$JpaWebConfiguration : spring.jpa.open-in-view is enabled by default. Therefore, database queries may be performed during view rendering. Explicitly configure spring.jpa.open-in-view to disable this warning
2023-06-08 11:06:04.518  INFO 9608 --- [main] c.e.serviceimpltest.EmployeeServiceTest  : Started EmployeeServiceTest in 14.79 seconds (JVM running for 17.37)
2023-06-08 11:06:04.687  INFO 9608 --- [main] com.ems.entity.Employee                  : Employee with id 0 details updated at Thu Jun 08 11:06:04 IST 2023
2023-06-08 11:06:04.979  INFO 9608 --- [SpringApplicationShutdownHook] j.LocalContainerEntityManagerFactoryBean : Closing JPA EntityManagerFactory for persistence unit 'default'
2023-06-08 11:06:04.993  INFO 9608 --- [SpringApplicationShutdownHook] com.zaxxer.hikari.HikariDataSource       : HikariPool-1 - Shutdown initiated...
2023-06-08 11:06:05.033  INFO 9608 --- [SpringApplicationShutdownHook] com.zaxxer.hikari.HikariDataSource       : HikariPool-1 - Shutdown completed.
2023-06-08 11:11:57.640  INFO 12892 --- [main] c.e.serviceimpltest.EmployeeServiceTest  : Starting EmployeeServiceTest using Java 17.0.7 on Unique with PID 12892 (started by Asus in C:\Users\Asus\Documents\workspace-spring-tool-suite-4-4.18.1.RELEASE\Employee-management-system)
2023-06-08 11:11:57.647  INFO 12892 --- [main] c.e.serviceimpltest.EmployeeServiceTest  : No active profile set, falling back to 1 default profile: "default"
2023-06-08 11:11:59.377  INFO 12892 --- [main] .s.d.r.c.RepositoryConfigurationDelegate : Bootstrapping Spring Data JPA repositories in DEFAULT mode.
2023-06-08 11:11:59.528  INFO 12892 --- [main] .s.d.r.c.RepositoryConfigurationDelegate : Finished Spring Data repository scanning in 135 ms. Found 4 JPA repository interfaces.
2023-06-08 11:12:01.901  INFO 12892 --- [main] o.hibernate.jpa.internal.util.LogHelper  : HHH000204: Processing PersistenceUnitInfo [name: default]
2023-06-08 11:12:02.052  INFO 12892 --- [main] org.hibernate.Version                    : HHH000412: Hibernate ORM core version 5.6.15.Final
2023-06-08 11:12:02.147  INFO 12892 --- [main] o.hibernate.annotations.common.Version   : HCANN000001: Hibernate Commons Annotations {5.1.2.Final}
2023-06-08 11:12:02.504  INFO 12892 --- [main] com.zaxxer.hikari.HikariDataSource       : HikariPool-1 - Starting...
2023-06-08 11:12:03.220  INFO 12892 --- [main] com.zaxxer.hikari.HikariDataSource       : HikariPool-1 - Start completed.
2023-06-08 11:12:03.253  INFO 12892 --- [main] org.hibernate.dialect.Dialect            : HHH000400: Using dialect: org.hibernate.dialect.MySQL8Dialect
2023-06-08 11:12:04.569  INFO 12892 --- [main] o.h.e.t.j.p.i.JtaPlatformInitiator       : HHH000490: Using JtaPlatform implementation: [org.hibernate.engine.transaction.jta.platform.internal.NoJtaPlatform]
2023-06-08 11:12:04.585  INFO 12892 --- [main] j.LocalContainerEntityManagerFactoryBean : Initialized JPA EntityManagerFactory for persistence unit 'default'
2023-06-08 11:12:06.422  WARN 12892 --- [main] JpaBaseConfiguration$JpaWebConfiguration : spring.jpa.open-in-view is enabled by default. Therefore, database queries may be performed during view rendering. Explicitly configure spring.jpa.open-in-view to disable this warning
2023-06-08 11:12:07.942  INFO 12892 --- [main] c.e.serviceimpltest.EmployeeServiceTest  : Started EmployeeServiceTest in 11.279 seconds (JVM running for 13.763)
2023-06-08 11:12:08.063  INFO 12892 --- [main] com.ems.entity.Employee                  : Employee with id 0 details fetched at Thu Jun 08 11:12:08 IST 2023
2023-06-08 11:12:08.255  INFO 12892 --- [main] com.ems.entity.Employee                  : Employee with id 0 details updated at Thu Jun 08 11:12:08 IST 2023
2023-06-08 11:12:08.344  INFO 12892 --- [SpringApplicationShutdownHook] j.LocalContainerEntityManagerFactoryBean : Closing JPA EntityManagerFactory for persistence unit 'default'
2023-06-08 11:12:08.356  INFO 12892 --- [SpringApplicationShutdownHook] com.zaxxer.hikari.HikariDataSource       : HikariPool-1 - Shutdown initiated...
2023-06-08 11:12:08.407  INFO 12892 --- [SpringApplicationShutdownHook] com.zaxxer.hikari.HikariDataSource       : HikariPool-1 - Shutdown completed.
2023-06-08 11:12:47.252  INFO 14584 --- [main] c.e.serviceimpltest.EmployeeServiceTest  : Starting EmployeeServiceTest using Java 17.0.7 on Unique with PID 14584 (started by Asus in C:\Users\Asus\Documents\workspace-spring-tool-suite-4-4.18.1.RELEASE\Employee-management-system)
2023-06-08 11:12:47.262  INFO 14584 --- [main] c.e.serviceimpltest.EmployeeServiceTest  : No active profile set, falling back to 1 default profile: "default"
2023-06-08 11:12:49.224  INFO 14584 --- [main] .s.d.r.c.RepositoryConfigurationDelegate : Bootstrapping Spring Data JPA repositories in DEFAULT mode.
2023-06-08 11:12:49.399  INFO 14584 --- [main] .s.d.r.c.RepositoryConfigurationDelegate : Finished Spring Data repository scanning in 148 ms. Found 4 JPA repository interfaces.
2023-06-08 11:12:52.025  INFO 14584 --- [main] o.hibernate.jpa.internal.util.LogHelper  : HHH000204: Processing PersistenceUnitInfo [name: default]
2023-06-08 11:12:52.137  INFO 14584 --- [main] org.hibernate.Version                    : HHH000412: Hibernate ORM core version 5.6.15.Final
2023-06-08 11:12:52.229  INFO 14584 --- [main] o.hibernate.annotations.common.Version   : HCANN000001: Hibernate Commons Annotations {5.1.2.Final}
2023-06-08 11:12:52.641  INFO 14584 --- [main] com.zaxxer.hikari.HikariDataSource       : HikariPool-1 - Starting...
2023-06-08 11:12:53.330  INFO 14584 --- [main] com.zaxxer.hikari.HikariDataSource       : HikariPool-1 - Start completed.
2023-06-08 11:12:53.369  INFO 14584 --- [main] org.hibernate.dialect.Dialect            : HHH000400: Using dialect: org.hibernate.dialect.MySQL8Dialect
2023-06-08 11:12:54.831  INFO 14584 --- [main] o.h.e.t.j.p.i.JtaPlatformInitiator       : HHH000490: Using JtaPlatform implementation: [org.hibernate.engine.transaction.jta.platform.internal.NoJtaPlatform]
2023-06-08 11:12:54.848  INFO 14584 --- [main] j.LocalContainerEntityManagerFactoryBean : Initialized JPA EntityManagerFactory for persistence unit 'default'
2023-06-08 11:12:56.594  WARN 14584 --- [main] JpaBaseConfiguration$JpaWebConfiguration : spring.jpa.open-in-view is enabled by default. Therefore, database queries may be performed during view rendering. Explicitly configure spring.jpa.open-in-view to disable this warning
2023-06-08 11:12:58.197  INFO 14584 --- [main] c.e.serviceimpltest.EmployeeServiceTest  : Started EmployeeServiceTest in 11.674 seconds (JVM running for 14.257)
2023-06-08 11:12:58.306  INFO 14584 --- [main] com.ems.entity.Employee                  : Employee with id 0 details fetched at Thu Jun 08 11:12:58 IST 2023
2023-06-08 11:12:58.500  INFO 14584 --- [main] com.ems.entity.Employee                  : Employee with id 0 details updated at Thu Jun 08 11:12:58 IST 2023
2023-06-08 11:12:58.613  INFO 14584 --- [SpringApplicationShutdownHook] j.LocalContainerEntityManagerFactoryBean : Closing JPA EntityManagerFactory for persistence unit 'default'
2023-06-08 11:12:58.630  INFO 14584 --- [SpringApplicationShutdownHook] com.zaxxer.hikari.HikariDataSource       : HikariPool-1 - Shutdown initiated...
2023-06-08 11:12:58.740  INFO 14584 --- [SpringApplicationShutdownHook] com.zaxxer.hikari.HikariDataSource       : HikariPool-1 - Shutdown completed.
2023-06-08 11:14:00.324  INFO 8932 --- [main] c.e.serviceimpltest.EmployeeServiceTest  : Starting EmployeeServiceTest using Java 17.0.7 on Unique with PID 8932 (started by Asus in C:\Users\Asus\Documents\workspace-spring-tool-suite-4-4.18.1.RELEASE\Employee-management-system)
2023-06-08 11:14:00.329  INFO 8932 --- [main] c.e.serviceimpltest.EmployeeServiceTest  : No active profile set, falling back to 1 default profile: "default"
2023-06-08 11:14:02.538  INFO 8932 --- [main] .s.d.r.c.RepositoryConfigurationDelegate : Bootstrapping Spring Data JPA repositories in DEFAULT mode.
2023-06-08 11:14:02.708  INFO 8932 --- [main] .s.d.r.c.RepositoryConfigurationDelegate : Finished Spring Data repository scanning in 143 ms. Found 4 JPA repository interfaces.
2023-06-08 11:14:05.350  INFO 8932 --- [main] o.hibernate.jpa.internal.util.LogHelper  : HHH000204: Processing PersistenceUnitInfo [name: default]
2023-06-08 11:14:05.490  INFO 8932 --- [main] org.hibernate.Version                    : HHH000412: Hibernate ORM core version 5.6.15.Final
2023-06-08 11:14:05.580  INFO 8932 --- [main] o.hibernate.annotations.common.Version   : HCANN000001: Hibernate Commons Annotations {5.1.2.Final}
2023-06-08 11:14:05.934  INFO 8932 --- [main] com.zaxxer.hikari.HikariDataSource       : HikariPool-1 - Starting...
2023-06-08 11:14:06.608  INFO 8932 --- [main] com.zaxxer.hikari.HikariDataSource       : HikariPool-1 - Start completed.
2023-06-08 11:14:06.636  INFO 8932 --- [main] org.hibernate.dialect.Dialect            : HHH000400: Using dialect: org.hibernate.dialect.MySQL8Dialect
2023-06-08 11:14:07.992  INFO 8932 --- [main] o.h.e.t.j.p.i.JtaPlatformInitiator       : HHH000490: Using JtaPlatform implementation: [org.hibernate.engine.transaction.jta.platform.internal.NoJtaPlatform]
2023-06-08 11:14:08.011  INFO 8932 --- [main] j.LocalContainerEntityManagerFactoryBean : Initialized JPA EntityManagerFactory for persistence unit 'default'
2023-06-08 11:14:09.577  WARN 8932 --- [main] JpaBaseConfiguration$JpaWebConfiguration : spring.jpa.open-in-view is enabled by default. Therefore, database queries may be performed during view rendering. Explicitly configure spring.jpa.open-in-view to disable this warning
2023-06-08 11:14:11.620  INFO 8932 --- [main] c.e.serviceimpltest.EmployeeServiceTest  : Started EmployeeServiceTest in 12.098 seconds (JVM running for 14.781)
2023-06-08 11:14:11.743  INFO 8932 --- [main] com.ems.entity.Employee                  : Employee with id 0 details fetched at Thu Jun 08 11:14:11 IST 2023
2023-06-08 11:14:11.913  INFO 8932 --- [main] com.ems.entity.Employee                  : Employee with id 0 details updated at Thu Jun 08 11:14:11 IST 2023
2023-06-08 11:14:11.966  INFO 8932 --- [main] com.ems.entity.Employee                  : Employee with id 0 details fetched at Thu Jun 08 11:14:11 IST 2023
2023-06-08 11:14:12.163  INFO 8932 --- [SpringApplicationShutdownHook] j.LocalContainerEntityManagerFactoryBean : Closing JPA EntityManagerFactory for persistence unit 'default'
2023-06-08 11:14:12.169  INFO 8932 --- [SpringApplicationShutdownHook] com.zaxxer.hikari.HikariDataSource       : HikariPool-1 - Shutdown initiated...
2023-06-08 11:14:12.269  INFO 8932 --- [SpringApplicationShutdownHook] com.zaxxer.hikari.HikariDataSource       : HikariPool-1 - Shutdown completed.
2023-06-08 11:16:55.285  INFO 4624 --- [main] c.e.serviceimpltest.EmployeeServiceTest  : Starting EmployeeServiceTest using Java 17.0.7 on Unique with PID 4624 (started by Asus in C:\Users\Asus\Documents\workspace-spring-tool-suite-4-4.18.1.RELEASE\Employee-management-system)
2023-06-08 11:16:55.290  INFO 4624 --- [main] c.e.serviceimpltest.EmployeeServiceTest  : No active profile set, falling back to 1 default profile: "default"
2023-06-08 11:16:57.051  INFO 4624 --- [main] .s.d.r.c.RepositoryConfigurationDelegate : Bootstrapping Spring Data JPA repositories in DEFAULT mode.
2023-06-08 11:16:57.259  INFO 4624 --- [main] .s.d.r.c.RepositoryConfigurationDelegate : Finished Spring Data repository scanning in 179 ms. Found 4 JPA repository interfaces.
2023-06-08 11:16:59.812  INFO 4624 --- [main] o.hibernate.jpa.internal.util.LogHelper  : HHH000204: Processing PersistenceUnitInfo [name: default]
2023-06-08 11:16:59.956  INFO 4624 --- [main] org.hibernate.Version                    : HHH000412: Hibernate ORM core version 5.6.15.Final
2023-06-08 11:17:00.050  INFO 4624 --- [main] o.hibernate.annotations.common.Version   : HCANN000001: Hibernate Commons Annotations {5.1.2.Final}
2023-06-08 11:17:00.352  INFO 4624 --- [main] com.zaxxer.hikari.HikariDataSource       : HikariPool-1 - Starting...
2023-06-08 11:17:00.990  INFO 4624 --- [main] com.zaxxer.hikari.HikariDataSource       : HikariPool-1 - Start completed.
2023-06-08 11:17:01.023  INFO 4624 --- [main] org.hibernate.dialect.Dialect            : HHH000400: Using dialect: org.hibernate.dialect.MySQL8Dialect
2023-06-08 11:17:02.388  INFO 4624 --- [main] o.h.e.t.j.p.i.JtaPlatformInitiator       : HHH000490: Using JtaPlatform implementation: [org.hibernate.engine.transaction.jta.platform.internal.NoJtaPlatform]
2023-06-08 11:17:02.401  INFO 4624 --- [main] j.LocalContainerEntityManagerFactoryBean : Initialized JPA EntityManagerFactory for persistence unit 'default'
2023-06-08 11:17:03.967  WARN 4624 --- [main] JpaBaseConfiguration$JpaWebConfiguration : spring.jpa.open-in-view is enabled by default. Therefore, database queries may be performed during view rendering. Explicitly configure spring.jpa.open-in-view to disable this warning
2023-06-08 11:17:05.372  INFO 4624 --- [main] c.e.serviceimpltest.EmployeeServiceTest  : Started EmployeeServiceTest in 10.977 seconds (JVM running for 13.314)
2023-06-08 11:17:05.571  INFO 4624 --- [main] com.ems.entity.Employee                  : Employee with id 0 details updated at Thu Jun 08 11:17:05 IST 2023
2023-06-08 11:17:05.805  INFO 4624 --- [main] com.ems.entity.Employee                  : Employee with id 0 details fetched at Thu Jun 08 11:17:05 IST 2023
2023-06-08 11:17:05.826  INFO 4624 --- [main] com.ems.entity.Employee                  : Employee with id 0 details fetched at Thu Jun 08 11:17:05 IST 2023
2023-06-08 11:17:05.903  INFO 4624 --- [SpringApplicationShutdownHook] j.LocalContainerEntityManagerFactoryBean : Closing JPA EntityManagerFactory for persistence unit 'default'
2023-06-08 11:17:05.932  INFO 4624 --- [SpringApplicationShutdownHook] com.zaxxer.hikari.HikariDataSource       : HikariPool-1 - Shutdown initiated...
2023-06-08 11:17:05.966  INFO 4624 --- [SpringApplicationShutdownHook] com.zaxxer.hikari.HikariDataSource       : HikariPool-1 - Shutdown completed.
